[2025-08-19 11:18:46] 🚀 Starting cloud data collection at 11:18:46 +0545
[2025-08-19 11:18:46] 📅 Tuesday - Trading Hours: 11:00 AM - 3:00 PM NPT
[2025-08-19 11:18:46] ✅ NepseAPI server is accessible
[2025-08-19 11:18:46] 📊 Collecting from floorsheet...
[2025-08-19 11:18:54] ✅ floorsheet: 3100 records
[2025-08-19 11:18:54] 📊 Collecting from price_volume...
[2025-08-19 11:18:55] ✅ price_volume: 216 records
[2025-08-19 11:18:55] 📊 Collecting from live_market...
[2025-08-19 11:18:56] ✅ live_market: 237 records
[2025-08-19 11:18:56] 📊 Collecting from summary...
[2025-08-19 11:18:58] ✅ summary: Data retrieved
[2025-08-19 11:18:58] 📊 Collecting from top_gainers...
[2025-08-19 11:18:59] ✅ top_gainers: 163 records
[2025-08-19 11:18:59] 📊 Collecting from top_losers...
[2025-08-19 11:19:01] ✅ top_losers: 67 records
[2025-08-19 11:19:01] 📊 Collecting from nepse_index...
[2025-08-19 11:19:03] ✅ nepse_index: Data retrieved
[2025-08-19 11:19:03] 📊 Collecting from supply_demand...
[2025-08-19 11:19:04] ✅ supply_demand: Data retrieved
[2025-08-19 11:19:04] 💾 Cloud collection successful: data/nepse_cloud_20250819_111846.csv
[2025-08-19 11:19:04] 📊 Total records: 3786 from 8 endpoints
[2025-08-19 11:19:04]    floorsheet: 3100 records
[2025-08-19 11:19:04]    live_market: 237 records
[2025-08-19 11:19:04]    price_volume: 216 records
[2025-08-19 11:19:04]    top_gainers: 163 records
[2025-08-19 11:19:04]    top_losers: 67 records
[2025-08-19 11:19:04]    summary: 1 records
[2025-08-19 11:19:04]    nepse_index: 1 records
[2025-08-19 11:19:04]    supply_demand: 1 records
[2025-08-19 11:27:12] 🚀 Starting cloud data collection at 11:27:12 +0545
[2025-08-19 11:27:12] 📅 Tuesday - Trading Hours: 11:00 AM - 3:00 PM NPT
[2025-08-19 11:27:12] ✅ NepseAPI server is accessible
[2025-08-19 11:27:12] 📊 Collecting from floorsheet...
[2025-08-19 11:27:20] ✅ floorsheet: 4936 records
[2025-08-19 11:27:20] 📊 Collecting from price_volume...
[2025-08-19 11:27:22] ✅ price_volume: 235 records
[2025-08-19 11:27:22] 📊 Collecting from live_market...
[2025-08-19 11:27:24] ✅ live_market: 262 records
[2025-08-19 11:27:24] 📊 Collecting from summary...
[2025-08-19 11:27:26] ✅ summary: Data retrieved
[2025-08-19 11:27:26] 📊 Collecting from top_gainers...
[2025-08-19 11:27:27] ✅ top_gainers: 167 records
[2025-08-19 11:27:27] 📊 Collecting from top_losers...
[2025-08-19 11:27:28] ✅ top_losers: 90 records
[2025-08-19 11:27:28] 📊 Collecting from nepse_index...
[2025-08-19 11:27:30] ✅ nepse_index: Data retrieved
[2025-08-19 11:27:30] 📊 Collecting from supply_demand...
[2025-08-19 11:27:32] ✅ supply_demand: Data retrieved
[2025-08-19 11:27:32] 💾 Cloud collection successful: data/nepse_cloud_20250819_112712.csv
[2025-08-19 11:27:32] 📊 Total records: 5693 from 8 endpoints
[2025-08-19 11:27:32]    floorsheet: 4936 records
[2025-08-19 11:27:32]    live_market: 262 records
[2025-08-19 11:27:32]    price_volume: 235 records
[2025-08-19 11:27:32]    top_gainers: 167 records
[2025-08-19 11:27:32]    top_losers: 90 records
[2025-08-19 11:27:32]    summary: 1 records
[2025-08-19 11:27:32]    nepse_index: 1 records
[2025-08-19 11:27:32]    supply_demand: 1 records
[2025-08-19 11:38:57] 🚀 Starting cloud data collection at 11:38:57 +0545
[2025-08-19 11:38:57] 📅 Tuesday - Trading Hours: 11:00 AM - 3:00 PM NPT
[2025-08-19 11:38:57] ✅ NepseAPI server is accessible
[2025-08-19 11:38:57] 📊 Collecting from floorsheet...
[2025-08-19 11:39:04] ✅ floorsheet: 7482 records
[2025-08-19 11:39:04] 📊 Collecting from price_volume...
[2025-08-19 11:39:05] ✅ price_volume: 243 records
[2025-08-19 11:39:05] 📊 Collecting from live_market...
[2025-08-19 11:39:06] ✅ live_market: 278 records
[2025-08-19 11:39:06] 📊 Collecting from summary...
[2025-08-19 11:39:08] ✅ summary: Data retrieved
[2025-08-19 11:39:08] 📊 Collecting from top_gainers...
[2025-08-19 11:39:09] ✅ top_gainers: 177 records
[2025-08-19 11:39:09] 📊 Collecting from top_losers...
[2025-08-19 11:39:10] ✅ top_losers: 93 records
[2025-08-19 11:39:10] 📊 Collecting from nepse_index...
[2025-08-19 11:39:11] ✅ nepse_index: Data retrieved
[2025-08-19 11:39:11] 📊 Collecting from supply_demand...
[2025-08-19 11:39:13] ✅ supply_demand: Data retrieved
[2025-08-19 11:39:13] 💾 Cloud collection successful: data/nepse_cloud_20250819_113857.csv
[2025-08-19 11:39:13] 📊 Total records: 8276 from 8 endpoints
[2025-08-19 11:39:13]    floorsheet: 7482 records
[2025-08-19 11:39:13]    live_market: 278 records
[2025-08-19 11:39:13]    price_volume: 243 records
[2025-08-19 11:39:13]    top_gainers: 177 records
[2025-08-19 11:39:13]    top_losers: 93 records
[2025-08-19 11:39:13]    summary: 1 records
[2025-08-19 11:39:13]    nepse_index: 1 records
[2025-08-19 11:39:13]    supply_demand: 1 records
